=== System Metrics ===
Monday 24 March 2025 10:00:01 AM IST

CPU Utilization:
%Cpu(s):  6.0 us,  3.7 sy,  0.0 ni, 90.3 id,  0.0 wa,  0.0 hi,  0.0 si,  0.0 st

Memory Usage:
               total        used        free      shared  buff/cache   available
Mem:           15749        6766         734         736        8247        7876
Swap:           2047           0        2047

Disk Usage:
Filesystem      Size  Used Avail Use% Mounted on
tmpfs           1.6G  2.3M  1.6G   1% /run
/dev/nvme0n1p2  234G  162G   60G  73% /
tmpfs           7.7G  175M  7.6G   3% /dev/shm
tmpfs           5.0M  4.0K  5.0M   1% /run/lock
efivarfs        374K  165K  205K  45% /sys/firmware/efi/efivars
tmpfs           7.7G     0  7.7G   0% /run/shm
/dev/nvme0n1p1  511M  6.1M  505M   2% /boot/efi
tmpfs           1.6G  172K  1.6G   1% /run/user/1000

Top 5 Processes by CPU Usage:
USER         PID %CPU %MEM    VSZ   RSS TTY      STAT START   TIME COMMAND
u2532985  348910 47.8  3.6 1232844216 592108 ?   Sl   09:59   0:13 /opt/google/chrome/chrome --type=renderer --string-annotations --crashpad-handler-pid=4147 --enable-crash-reporter=be95a1fa-1b4b-4e8b-b436-06c75174e1d0, --change-stack-guard-on-fork=enable --lang=en-GB --num-raster-threads=4 --enable-main-frame-before-activation --renderer-client-id=469 --time-ticks-at-unix-epoch=-1742711646882715 --launch-time-ticks=53738945734 --shared-files=v8_context_snapshot_data:100 --field-trial-handle=3,i,11047079519603688574,8876202270535423928,262144 --disable-features=EyeDropper --variations-seed-version=20250321-130127.532000
u2532985  348452 17.2  2.0 1212157264 335732 ?   Sl   09:58   0:16 /opt/google/chrome/chrome --type=renderer --string-annotations --crashpad-handler-pid=4147 --enable-crash-reporter=be95a1fa-1b4b-4e8b-b436-06c75174e1d0, --change-stack-guard-on-fork=enable --lang=en-GB --num-raster-threads=4 --enable-main-frame-before-activation --renderer-client-id=463 --time-ticks-at-unix-epoch=-1742711646882715 --launch-time-ticks=53670932238 --shared-files=v8_context_snapshot_data:100 --field-trial-handle=3,i,11047079519603688574,8876202270535423928,262144 --disable-features=EyeDropper --variations-seed-version=20250321-130127.532000
u2532985  348371 11.0  1.8 1212170156 292756 ?   Sl   09:58   0:11 /opt/google/chrome/chrome --type=renderer --string-annotations --crashpad-handler-pid=4147 --enable-crash-reporter=be95a1fa-1b4b-4e8b-b436-06c75174e1d0, --change-stack-guard-on-fork=enable --lang=en-GB --num-raster-threads=4 --enable-main-frame-before-activation --renderer-client-id=461 --time-ticks-at-unix-epoch=-1742711646882715 --launch-time-ticks=53662708926 --shared-files=v8_context_snapshot_data:100 --field-trial-handle=3,i,11047079519603688574,8876202270535423928,262144 --disable-features=EyeDropper --variations-seed-version=20250321-130127.532000
u2532985  346741  8.6  1.7 1212188060 289272 ?   Sl   09:54   0:30 /opt/google/chrome/chrome --type=renderer --string-annotations --crashpad-handler-pid=4147 --enable-crash-reporter=be95a1fa-1b4b-4e8b-b436-06c75174e1d0, --change-stack-guard-on-fork=enable --lang=en-GB --num-raster-threads=4 --enable-main-frame-before-activation --renderer-client-id=456 --time-ticks-at-unix-epoch=-1742711646882715 --launch-time-ticks=53415406893 --shared-files=v8_context_snapshot_data:100 --field-trial-handle=3,i,11047079519603688574,8876202270535423928,262144 --disable-features=EyeDropper --variations-seed-version=20250321-130127.532000
u2532985  346902  6.3  0.9 1213892748 160756 ?   Sl   09:54   0:21 /opt/google/chrome/chrome --type=renderer --string-annotations --crashpad-handler-pid=4147 --enable-crash-reporter=be95a1fa-1b4b-4e8b-b436-06c75174e1d0, --change-stack-guard-on-fork=enable --lang=en-GB --num-raster-threads=4 --enable-main-frame-before-activation --renderer-client-id=457 --time-ticks-at-unix-epoch=-1742711646882715 --launch-time-ticks=53430052286 --shared-files=v8_context_snapshot_data:100 --field-trial-handle=3,i,11047079519603688574,8876202270535423928,262144 --disable-features=EyeDropper --variations-seed-version=20250321-130127.532000

Top 5 Processes by Memory Usage:
USER         PID %CPU %MEM    VSZ   RSS TTY      STAT START   TIME COMMAND
u2532985   11993  4.4  3.9 1459665772 629836 ?   Sl   Mar23  57:59 /opt/brave.com/brave/brave --type=renderer --crashpad-handler-pid=4450 --enable-crash-reporter=5320e962-6ed3-4661-a0b6-09e38fe0647c, --enable-distillability-service --origin-trial-public-key=bYUKPJoPnCxeNvu72j4EmPuK7tr1PAC7SHh8ld9Mw3E=,fMS4mpO6buLQ/QMd+zJmxzty/VQ6B1EUZqoCU04zoRU= --change-stack-guard-on-fork=enable --lang=en-GB --num-raster-threads=4 --enable-main-frame-before-activation --renderer-client-id=43 --time-ticks-at-unix-epoch=-1742711646882715 --launch-time-ticks=700304847 --shared-files=v8_context_snapshot_data:100 --field-trial-handle=3,i,1214320687200497897,7038983953005147057,262144 --disable-features=EyeDropper --variations-seed-version=main@533f1f2dd75e8be37bc43f03ace8b2228d90641e
u2532985  348910 47.8  3.6 1232844216 592108 ?   Sl   09:59   0:13 /opt/google/chrome/chrome --type=renderer --string-annotations --crashpad-handler-pid=4147 --enable-crash-reporter=be95a1fa-1b4b-4e8b-b436-06c75174e1d0, --change-stack-guard-on-fork=enable --lang=en-GB --num-raster-threads=4 --enable-main-frame-before-activation --renderer-client-id=469 --time-ticks-at-unix-epoch=-1742711646882715 --launch-time-ticks=53738945734 --shared-files=v8_context_snapshot_data:100 --field-trial-handle=3,i,11047079519603688574,8876202270535423928,262144 --disable-features=EyeDropper --variations-seed-version=20250321-130127.532000
u2532985    4448  1.6  2.7 34321096 444468 ?     SLl  Mar23  22:00 /opt/brave.com/brave/brave
u2532985   64665  0.8  2.6 1217754848 420272 ?   Sl   Mar23   9:48 /usr/share/code/code --type=utility --utility-sub-type=node.mojom.NodeService --lang=en-GB --service-sandbox-type=none --dns-result-order=ipv4first --inspect-port=0 --crashpad-handler-pid=64565 --enable-crash-reporter=77140d63-9a66-4f97-bc89-7f194a876544,no_channel --user-data-dir=/home/u2532985/.config/Code --standard-schemes=vscode-webview,vscode-file --enable-sandbox --secure-schemes=vscode-webview,vscode-file --cors-schemes=vscode-webview,vscode-file --fetch-schemes=vscode-webview,vscode-file --service-worker-schemes=vscode-webview --code-cache-schemes=vscode-webview,vscode-file --shared-files=v8_context_snapshot_data:100 --field-trial-handle=3,i,956143941871828970,7852240756074422064,262144 --disable-features=CalculateNativeWinOcclusion,SpareRendererForSitePerProcess --variations-seed-version
u2532985   11496  0.1  2.4 1461328224 396004 ?   Sl   Mar23   2:08 /opt/brave.com/brave/brave --type=renderer --crashpad-handler-pid=4450 --enable-crash-reporter=5320e962-6ed3-4661-a0b6-09e38fe0647c, --enable-distillability-service --origin-trial-public-key=bYUKPJoPnCxeNvu72j4EmPuK7tr1PAC7SHh8ld9Mw3E=,fMS4mpO6buLQ/QMd+zJmxzty/VQ6B1EUZqoCU04zoRU= --change-stack-guard-on-fork=enable --lang=en-GB --num-raster-threads=4 --enable-main-frame-before-activation --renderer-client-id=30 --time-ticks-at-unix-epoch=-1742711646882715 --launch-time-ticks=409039329 --shared-files=v8_context_snapshot_data:100 --field-trial-handle=3,i,1214320687200497897,7038983953005147057,262144 --disable-features=EyeDropper --variations-seed-version=main@533f1f2dd75e8be37bc43f03ace8b2228d90641e

==================================

